2019-02-24 21:19:03.870 932  INFO  akka.event.slf4j.Slf4jLogger [break-akka.actor.default-dispatcher-3]  - Slf4jLogger started
2019-02-24 21:19:03.991 1053 INFO  com.neo.sk.break.Boot$ [break-akka.actor.default-dispatcher-2] Boot$(akka://break) - Starting.
2019-02-24 21:19:04.705 1767 INFO  com.neo.sk.break.Boot$ [break-akka.actor.default-dispatcher-4] Boot$(akka://break) - Done.
2019-02-24 21:19:04.773 1835 INFO  com.neo.sk.break.Boot$ [break-akka.actor.default-dispatcher-4] Boot$(akka://break) - Server is listening on http://localhost:30372/break/index
2019-02-24 21:27:50.528 1232 INFO  akka.event.slf4j.Slf4jLogger [break-akka.actor.default-dispatcher-3]  - Slf4jLogger started
2019-02-24 21:27:50.651 1355 INFO  com.neo.sk.break.Boot$ [break-akka.actor.default-dispatcher-4] Boot$(akka://break) - Starting.
2019-02-24 21:27:51.282 1986 INFO  com.neo.sk.break.Boot$ [break-akka.actor.default-dispatcher-3] Boot$(akka://break) - Done.
2019-02-24 21:27:51.343 2047 INFO  com.neo.sk.break.Boot$ [break-akka.actor.default-dispatcher-3] Boot$(akka://break) - Server is listening on http://localhost:30372/break/index
2019-02-24 21:28:09.939 20643 INFO  com.neo.sk.utils.DBUtil$ [break-akka.actor.default-dispatcher-7]  - connect to db: jdbc:postgresql://localhost:5432/break
2019-02-24 21:28:10.006 20710 WARN  slick.util.AsyncExecutor [break-akka.actor.default-dispatcher-7]  - Having maxConnection > maxThreads can result in deadlocks if transactions or database locks are used.
2019-02-24 21:28:10.191 20895 INFO  com.zaxxer.hikari.HikariDataSource [AsyncExecutor.default-1]  - HikariPool-1 - Starting...
2019-02-24 21:28:10.291 20995 INFO  com.zaxxer.hikari.HikariDataSource [AsyncExecutor.default-1]  - HikariPool-1 - Start completed.
2019-02-24 21:28:10.345 21049 INFO  com.neo.sk.break.Boot$ [scala-execution-context-global-25]  - user 000 login success
2019-02-24 21:28:11.683 22387 INFO  com.neo.sk.break.core.PlayGround$ [break-akka.actor.default-dispatcher-7]  - got Join(000,Actor[akka://break/system/StreamSupervisor-0/flow-6-2-actorRefSource#1893561363])
2019-02-24 21:28:59.088 1063 INFO  akka.event.slf4j.Slf4jLogger [break-akka.actor.default-dispatcher-3]  - Slf4jLogger started
2019-02-24 21:28:59.206 1181 INFO  com.neo.sk.break.Boot$ [break-akka.actor.default-dispatcher-4] Boot$(akka://break) - Starting.
2019-02-24 21:28:59.819 1794 INFO  com.neo.sk.break.Boot$ [break-akka.actor.default-dispatcher-3] Boot$(akka://break) - Done.
2019-02-24 21:28:59.887 1862 INFO  com.neo.sk.break.Boot$ [break-akka.actor.default-dispatcher-3] Boot$(akka://break) - Server is listening on http://localhost:30372/break/index
2019-02-24 21:29:03.384 5359 INFO  com.neo.sk.utils.DBUtil$ [break-akka.actor.default-dispatcher-14]  - connect to db: jdbc:postgresql://localhost:5432/break
2019-02-24 21:29:03.454 5429 WARN  slick.util.AsyncExecutor [break-akka.actor.default-dispatcher-14]  - Having maxConnection > maxThreads can result in deadlocks if transactions or database locks are used.
2019-02-24 21:29:03.646 5621 INFO  com.zaxxer.hikari.HikariDataSource [AsyncExecutor.default-1]  - HikariPool-1 - Starting...
2019-02-24 21:29:03.721 5696 INFO  com.zaxxer.hikari.HikariDataSource [AsyncExecutor.default-1]  - HikariPool-1 - Start completed.
2019-02-24 21:29:03.746 5721 INFO  com.neo.sk.break.Boot$ [scala-execution-context-global-46]  - user 000 login success
2019-02-24 21:29:04.947 6922 INFO  com.neo.sk.break.core.PlayGround$ [break-akka.actor.default-dispatcher-21]  - got Join(000,Actor[akka://break/system/StreamSupervisor-0/flow-12-2-actorRefSource#-136217371])
2019-02-24 21:29:26.035 651  INFO  akka.event.slf4j.Slf4jLogger [break-akka.actor.default-dispatcher-2]  - Slf4jLogger started
2019-02-24 21:29:26.137 753  INFO  com.neo.sk.break.Boot$ [break-akka.actor.default-dispatcher-4] Boot$(akka://break) - Starting.
2019-02-24 21:29:26.733 1349 INFO  com.neo.sk.break.Boot$ [break-akka.actor.default-dispatcher-2] Boot$(akka://break) - Done.
2019-02-24 21:29:26.790 1406 INFO  com.neo.sk.break.Boot$ [break-akka.actor.default-dispatcher-2] Boot$(akka://break) - Server is listening on http://localhost:30372/break/index
2019-02-24 21:29:32.088 6704 INFO  com.neo.sk.utils.DBUtil$ [break-akka.actor.default-dispatcher-21]  - connect to db: jdbc:postgresql://localhost:5432/break
2019-02-24 21:29:32.154 6770 WARN  slick.util.AsyncExecutor [break-akka.actor.default-dispatcher-21]  - Having maxConnection > maxThreads can result in deadlocks if transactions or database locks are used.
2019-02-24 21:29:32.349 6965 INFO  com.zaxxer.hikari.HikariDataSource [AsyncExecutor.default-1]  - HikariPool-1 - Starting...
2019-02-24 21:29:32.429 7045 INFO  com.zaxxer.hikari.HikariDataSource [AsyncExecutor.default-1]  - HikariPool-1 - Start completed.
2019-02-24 21:29:32.454 7070 INFO  com.neo.sk.break.Boot$ [scala-execution-context-global-48]  - user 000 login success
2019-02-24 21:29:33.768 8384 INFO  com.neo.sk.break.core.PlayGround$ [break-akka.actor.default-dispatcher-7]  - got Join(000,Actor[akka://break/system/StreamSupervisor-0/flow-12-2-actorRefSource#184364855])
2019-02-24 21:31:03.814 987  INFO  akka.event.slf4j.Slf4jLogger [break-akka.actor.default-dispatcher-3]  - Slf4jLogger started
2019-02-24 21:31:03.974 1147 INFO  com.neo.sk.break.Boot$ [break-akka.actor.default-dispatcher-2] Boot$(akka://break) - Starting.
2019-02-24 21:31:04.773 1946 INFO  com.neo.sk.break.Boot$ [break-akka.actor.default-dispatcher-3] Boot$(akka://break) - Done.
2019-02-24 21:31:04.837 2010 INFO  com.neo.sk.break.Boot$ [break-akka.actor.default-dispatcher-3] Boot$(akka://break) - Server is listening on http://localhost:30372/break/index
2019-02-24 21:31:07.003 4176 INFO  com.neo.sk.utils.DBUtil$ [break-akka.actor.default-dispatcher-3]  - connect to db: jdbc:postgresql://localhost:5432/break
2019-02-24 21:31:07.066 4239 WARN  slick.util.AsyncExecutor [break-akka.actor.default-dispatcher-3]  - Having maxConnection > maxThreads can result in deadlocks if transactions or database locks are used.
2019-02-24 21:31:07.244 4417 INFO  com.zaxxer.hikari.HikariDataSource [AsyncExecutor.default-1]  - HikariPool-1 - Starting...
2019-02-24 21:31:07.318 4491 INFO  com.zaxxer.hikari.HikariDataSource [AsyncExecutor.default-1]  - HikariPool-1 - Start completed.
2019-02-24 21:31:07.344 4517 INFO  com.neo.sk.break.Boot$ [scala-execution-context-global-28]  - user 000 login success
2019-02-24 21:31:08.569 5742 INFO  com.neo.sk.break.core.PlayGround$ [break-akka.actor.default-dispatcher-2]  - got Join(000,Actor[akka://break/system/StreamSupervisor-0/flow-6-2-actorRefSource#1291563458])
2019-02-24 21:31:10.977 8150 INFO  com.neo.sk.break.core.PlayGround$ [break-akka.actor.default-dispatcher-2]  - got Left(000)
2019-02-24 21:31:13.032 10205 INFO  com.neo.sk.break.Boot$ [scala-execution-context-global-28]  - user 000 login success
2019-02-24 21:31:14.138 11311 INFO  com.neo.sk.break.core.PlayGround$ [break-akka.actor.default-dispatcher-18]  - got Join(000,Actor[akka://break/system/StreamSupervisor-0/flow-19-2-actorRefSource#-925828498])
2019-02-24 21:32:02.252 1637 INFO  akka.event.slf4j.Slf4jLogger [break-akka.actor.default-dispatcher-2]  - Slf4jLogger started
2019-02-24 21:32:02.551 1936 INFO  com.neo.sk.break.Boot$ [break-akka.actor.default-dispatcher-3] Boot$(akka://break) - Starting.
2019-02-24 21:32:03.552 2937 INFO  com.neo.sk.break.Boot$ [break-akka.actor.default-dispatcher-2] Boot$(akka://break) - Done.
2019-02-24 21:32:03.651 3036 INFO  com.neo.sk.break.Boot$ [break-akka.actor.default-dispatcher-2] Boot$(akka://break) - Server is listening on http://localhost:30372/break/index
2019-02-24 21:33:10.870 986  INFO  akka.event.slf4j.Slf4jLogger [break-akka.actor.default-dispatcher-3]  - Slf4jLogger started
2019-02-24 21:33:10.979 1095 INFO  com.neo.sk.break.Boot$ [break-akka.actor.default-dispatcher-2] Boot$(akka://break) - Starting.
2019-02-24 21:33:11.580 1696 INFO  com.neo.sk.break.Boot$ [break-akka.actor.default-dispatcher-4] Boot$(akka://break) - Done.
2019-02-24 21:33:11.645 1761 INFO  com.neo.sk.break.Boot$ [break-akka.actor.default-dispatcher-4] Boot$(akka://break) - Server is listening on http://localhost:30372/break/index
2019-02-24 21:33:17.367 7483 INFO  com.neo.sk.utils.DBUtil$ [break-akka.actor.default-dispatcher-14]  - connect to db: jdbc:postgresql://localhost:5432/break
2019-02-24 21:33:17.441 7557 WARN  slick.util.AsyncExecutor [break-akka.actor.default-dispatcher-14]  - Having maxConnection > maxThreads can result in deadlocks if transactions or database locks are used.
2019-02-24 21:33:17.630 7746 INFO  com.zaxxer.hikari.HikariDataSource [AsyncExecutor.default-1]  - HikariPool-1 - Starting...
2019-02-24 21:33:17.702 7818 INFO  com.zaxxer.hikari.HikariDataSource [AsyncExecutor.default-1]  - HikariPool-1 - Start completed.
2019-02-24 21:33:17.726 7842 INFO  com.neo.sk.break.Boot$ [scala-execution-context-global-46]  - user 000 login success
2019-02-24 21:33:18.935 9051 INFO  com.neo.sk.break.core.PlayGround$ [break-akka.actor.default-dispatcher-17]  - got Join(000,Actor[akka://break/system/StreamSupervisor-0/flow-12-2-actorRefSource#1837331899])
2019-02-24 21:33:39.423 29539 INFO  com.neo.sk.break.core.PlayGround$ [break-akka.actor.default-dispatcher-20]  - got Left(000)
2019-02-24 21:57:38.727 1468843 INFO  akka.actor.RepointableActorRef [break-akka.actor.default-dispatcher-7] akka://break/user/ground - Message [com.neo.sk.break.core.PlayGround$Sync$] without sender to Actor[akka://break/user/ground#1538866200] was not delivered. [1] dead letters encountered. If this is not an expected behavior, then [Actor[akka://break/user/ground#1538866200]] may have terminated unexpectedly, This logging can be turned off or adjusted with configuration settings 'akka.log-dead-letters' and 'akka.log-dead-letters-during-shutdown'.
2019-02-24 21:57:40.755 715  INFO  akka.event.slf4j.Slf4jLogger [break-akka.actor.default-dispatcher-2]  - Slf4jLogger started
2019-02-24 21:57:40.860 820  INFO  com.neo.sk.break.Boot$ [break-akka.actor.default-dispatcher-4] Boot$(akka://break) - Starting.
2019-02-24 21:57:41.434 1394 INFO  com.neo.sk.break.Boot$ [break-akka.actor.default-dispatcher-2] Boot$(akka://break) - Done.
2019-02-24 21:57:41.493 1453 INFO  com.neo.sk.break.Boot$ [break-akka.actor.default-dispatcher-2] Boot$(akka://break) - Server is listening on http://localhost:30372/break/index
2019-02-24 21:57:55.386 15346 INFO  com.neo.sk.utils.DBUtil$ [break-akka.actor.default-dispatcher-15]  - connect to db: jdbc:postgresql://localhost:5432/break
2019-02-24 21:57:55.455 15415 WARN  slick.util.AsyncExecutor [break-akka.actor.default-dispatcher-15]  - Having maxConnection > maxThreads can result in deadlocks if transactions or database locks are used.
2019-02-24 21:57:55.654 15614 INFO  com.zaxxer.hikari.HikariDataSource [AsyncExecutor.default-1]  - HikariPool-1 - Starting...
2019-02-24 21:57:55.722 15682 INFO  com.zaxxer.hikari.HikariDataSource [AsyncExecutor.default-1]  - HikariPool-1 - Start completed.
2019-02-24 21:57:55.748 15708 INFO  com.neo.sk.break.Boot$ [scala-execution-context-global-46]  - user 000 login success
2019-02-24 21:57:56.959 16919 INFO  com.neo.sk.break.core.PlayGround$ [break-akka.actor.default-dispatcher-8]  - got Join(000,Actor[akka://break/system/StreamSupervisor-0/flow-12-2-actorRefSource#1827827584])
2019-02-24 21:58:59.498 696  INFO  akka.event.slf4j.Slf4jLogger [break-akka.actor.default-dispatcher-3]  - Slf4jLogger started
2019-02-24 21:58:59.592 790  INFO  com.neo.sk.break.Boot$ [break-akka.actor.default-dispatcher-3] Boot$(akka://break) - Starting.
2019-02-24 21:59:00.161 1359 INFO  com.neo.sk.break.Boot$ [break-akka.actor.default-dispatcher-4] Boot$(akka://break) - Done.
2019-02-24 21:59:00.220 1418 INFO  com.neo.sk.break.Boot$ [break-akka.actor.default-dispatcher-4] Boot$(akka://break) - Server is listening on http://localhost:30372/break/index
2019-02-24 21:59:09.124 10322 INFO  com.neo.sk.utils.DBUtil$ [break-akka.actor.default-dispatcher-7]  - connect to db: jdbc:postgresql://localhost:5432/break
2019-02-24 21:59:09.193 10391 WARN  slick.util.AsyncExecutor [break-akka.actor.default-dispatcher-7]  - Having maxConnection > maxThreads can result in deadlocks if transactions or database locks are used.
2019-02-24 21:59:09.384 10582 INFO  com.zaxxer.hikari.HikariDataSource [AsyncExecutor.default-1]  - HikariPool-1 - Starting...
2019-02-24 21:59:09.454 10652 INFO  com.zaxxer.hikari.HikariDataSource [AsyncExecutor.default-1]  - HikariPool-1 - Start completed.
2019-02-24 21:59:09.480 10678 INFO  com.neo.sk.break.Boot$ [scala-execution-context-global-47]  - user 000 login success
2019-02-24 21:59:10.671 11869 INFO  com.neo.sk.break.core.PlayGround$ [break-akka.actor.default-dispatcher-7]  - got Join(000,Actor[akka://break/system/StreamSupervisor-0/flow-12-2-actorRefSource#-48972598])
2019-02-24 22:00:08.902 797  INFO  akka.event.slf4j.Slf4jLogger [break-akka.actor.default-dispatcher-3]  - Slf4jLogger started
2019-02-24 22:00:09.034 929  INFO  com.neo.sk.break.Boot$ [break-akka.actor.default-dispatcher-4] Boot$(akka://break) - Starting.
2019-02-24 22:00:09.709 1604 INFO  com.neo.sk.break.Boot$ [break-akka.actor.default-dispatcher-3] Boot$(akka://break) - Done.
2019-02-24 22:00:09.787 1682 INFO  com.neo.sk.break.Boot$ [break-akka.actor.default-dispatcher-3] Boot$(akka://break) - Server is listening on http://localhost:30372/break/index
2019-02-24 22:00:13.116 5011 INFO  com.neo.sk.utils.DBUtil$ [break-akka.actor.default-dispatcher-3]  - connect to db: jdbc:postgresql://localhost:5432/break
2019-02-24 22:00:13.188 5083 WARN  slick.util.AsyncExecutor [break-akka.actor.default-dispatcher-3]  - Having maxConnection > maxThreads can result in deadlocks if transactions or database locks are used.
2019-02-24 22:00:13.382 5277 INFO  com.zaxxer.hikari.HikariDataSource [AsyncExecutor.default-1]  - HikariPool-1 - Starting...
2019-02-24 22:00:13.460 5355 INFO  com.zaxxer.hikari.HikariDataSource [AsyncExecutor.default-1]  - HikariPool-1 - Start completed.
2019-02-24 22:00:13.484 5379 INFO  com.neo.sk.break.Boot$ [scala-execution-context-global-46]  - user 000 login success
2019-02-24 22:00:14.683 6578 INFO  com.neo.sk.break.core.PlayGround$ [break-akka.actor.default-dispatcher-2]  - got Join(000,Actor[akka://break/system/StreamSupervisor-0/flow-12-2-actorRefSource#-1221074277])
2019-02-24 22:00:40.324 715  INFO  akka.event.slf4j.Slf4jLogger [break-akka.actor.default-dispatcher-3]  - Slf4jLogger started
2019-02-24 22:00:40.432 823  INFO  com.neo.sk.break.Boot$ [break-akka.actor.default-dispatcher-2] Boot$(akka://break) - Starting.
2019-02-24 22:00:41.063 1454 INFO  com.neo.sk.break.Boot$ [break-akka.actor.default-dispatcher-3] Boot$(akka://break) - Done.
2019-02-24 22:00:41.122 1513 INFO  com.neo.sk.break.Boot$ [break-akka.actor.default-dispatcher-3] Boot$(akka://break) - Server is listening on http://localhost:30372/break/index
2019-02-24 22:00:47.063 7454 INFO  com.neo.sk.utils.DBUtil$ [break-akka.actor.default-dispatcher-15]  - connect to db: jdbc:postgresql://localhost:5432/break
2019-02-24 22:00:47.136 7527 WARN  slick.util.AsyncExecutor [break-akka.actor.default-dispatcher-15]  - Having maxConnection > maxThreads can result in deadlocks if transactions or database locks are used.
2019-02-24 22:00:47.324 7715 INFO  com.zaxxer.hikari.HikariDataSource [AsyncExecutor.default-1]  - HikariPool-1 - Starting...
2019-02-24 22:00:47.393 7784 INFO  com.zaxxer.hikari.HikariDataSource [AsyncExecutor.default-1]  - HikariPool-1 - Start completed.
2019-02-24 22:00:47.419 7810 INFO  com.neo.sk.break.Boot$ [scala-execution-context-global-45]  - user 000 login success
2019-02-24 22:00:50.407 10798 INFO  com.neo.sk.break.core.PlayGround$ [break-akka.actor.default-dispatcher-15]  - got Join(000,Actor[akka://break/system/StreamSupervisor-0/flow-12-2-actorRefSource#-629463934])
2019-02-24 22:02:17.420 670  INFO  akka.event.slf4j.Slf4jLogger [break-akka.actor.default-dispatcher-3]  - Slf4jLogger started
2019-02-24 22:02:17.518 768  INFO  com.neo.sk.break.Boot$ [break-akka.actor.default-dispatcher-2] Boot$(akka://break) - Starting.
2019-02-24 22:02:18.084 1334 INFO  com.neo.sk.break.Boot$ [break-akka.actor.default-dispatcher-3] Boot$(akka://break) - Done.
2019-02-24 22:02:18.142 1392 INFO  com.neo.sk.break.Boot$ [break-akka.actor.default-dispatcher-3] Boot$(akka://break) - Server is listening on http://localhost:30372/break/index
2019-02-24 22:02:25.416 8666 INFO  com.neo.sk.utils.DBUtil$ [break-akka.actor.default-dispatcher-8]  - connect to db: jdbc:postgresql://localhost:5432/break
2019-02-24 22:02:25.494 8744 WARN  slick.util.AsyncExecutor [break-akka.actor.default-dispatcher-8]  - Having maxConnection > maxThreads can result in deadlocks if transactions or database locks are used.
2019-02-24 22:02:25.699 8949 INFO  com.zaxxer.hikari.HikariDataSource [AsyncExecutor.default-1]  - HikariPool-1 - Starting...
2019-02-24 22:02:25.779 9029 INFO  com.zaxxer.hikari.HikariDataSource [AsyncExecutor.default-1]  - HikariPool-1 - Start completed.
2019-02-24 22:02:25.817 9067 INFO  com.neo.sk.break.Boot$ [scala-execution-context-global-46]  - user 000 login success
2019-02-24 22:02:27.128 10378 INFO  com.neo.sk.break.core.PlayGround$ [break-akka.actor.default-dispatcher-20]  - got Join(000,Actor[akka://break/system/StreamSupervisor-0/flow-12-2-actorRefSource#945488406])
2019-02-24 22:02:52.033 35283 INFO  com.neo.sk.break.core.PlayGround$ [break-akka.actor.default-dispatcher-4]  - got Left(000)
2019-02-24 22:02:55.399 38649 INFO  com.neo.sk.break.Boot$ [scala-execution-context-global-312]  - user 000 login success
2019-02-24 22:02:56.382 39632 INFO  com.neo.sk.break.core.PlayGround$ [break-akka.actor.default-dispatcher-14]  - got Join(000,Actor[akka://break/system/StreamSupervisor-0/flow-73-2-actorRefSource#826686159])
2019-02-24 22:03:06.936 868  INFO  akka.event.slf4j.Slf4jLogger [break-akka.actor.default-dispatcher-3]  - Slf4jLogger started
2019-02-24 22:03:07.080 1012 INFO  com.neo.sk.break.Boot$ [break-akka.actor.default-dispatcher-4] Boot$(akka://break) - Starting.
2019-02-24 22:03:07.804 1736 INFO  com.neo.sk.break.Boot$ [break-akka.actor.default-dispatcher-3] Boot$(akka://break) - Done.
2019-02-24 22:03:07.883 1815 INFO  com.neo.sk.break.Boot$ [break-akka.actor.default-dispatcher-3] Boot$(akka://break) - Server is listening on http://localhost:30372/break/index
