2019-01-22 10:10:13.939 1714 INFO  akka.event.slf4j.Slf4jLogger [medusa-akka.actor.default-dispatcher-3]  - Slf4jLogger started
2019-01-22 10:10:14.187 1962 INFO  com.neo.sk.break.core.UserManager$ [main]  - UserManager start...
2019-01-22 10:10:14.205 1980 INFO  com.neo.sk.break.core.RoomManager$ [main]  - RoomManager start...
2019-01-22 10:10:14.248 2023 INFO  com.neo.sk.utils.DBUtil$ [main]  - connect to db: jdbc:postgresql://10.1.29.250:5432/
2019-01-22 10:10:14.449 2224 WARN  slick.util.AsyncExecutor [main]  - Having maxConnection > maxThreads can result in deadlocks if transactions or database locks are used.
2019-01-22 10:10:14.977 2752 INFO  com.zaxxer.hikari.HikariDataSource [AsyncExecutor.default-1]  - HikariPool-1 - Starting...
2019-01-22 10:10:14.977 2752 INFO  com.neo.sk.break.Boot$ [medusa-akka.actor.default-dispatcher-3] Boot$(akka://medusa) - Starting.
2019-01-22 10:10:15.190 2965 INFO  com.zaxxer.hikari.HikariDataSource [AsyncExecutor.default-1]  - HikariPool-1 - Start completed.
2019-01-22 10:10:15.234 3009 INFO  com.neo.sk.utils.CountUtils$ [medusa-akka.actor.my-blocking-dispatcher-5]  - get init count success:10013572
2019-01-22 10:10:16.282 4057 INFO  com.neo.sk.break.Boot$ [medusa-akka.actor.default-dispatcher-4] Boot$(akka://medusa) - Listen to the 0.0.0.0:30372
2019-01-22 10:10:16.289 4064 INFO  com.neo.sk.break.Boot$ [medusa-akka.actor.default-dispatcher-7] Boot$(akka://medusa) - Done.
2019-01-22 10:10:17.538 5313 INFO  com.neo.sk.utils.AuthUtils$ [medusa-akka.actor.my-blocking-dispatcher-8]  - get token success
2019-01-22 10:10:17.539 5314 INFO  com.neo.sk.break.core.AuthActor$ [medusa-akka.actor.my-blocking-dispatcher-8]  - ---get new token----
2019-01-22 10:14:14.228 242003 WARN  com.zaxxer.hikari.pool.HikariPool [HikariPool-1 housekeeper]  - HikariPool-1 - Retrograde clock change detected (housekeeper delta=28s842ms), soft-evicting connections from pool.
2019-01-22 10:21:41.153 736  INFO  akka.event.slf4j.Slf4jLogger [medusa-akka.actor.default-dispatcher-3]  - Slf4jLogger started
2019-01-22 10:21:41.236 819  INFO  com.neo.sk.break.core.UserManager$ [main]  - UserManager start...
2019-01-22 10:21:41.241 824  INFO  com.neo.sk.break.core.RoomManager$ [main]  - RoomManager start...
2019-01-22 10:21:41.259 842  INFO  com.neo.sk.utils.DBUtil$ [main]  - connect to db: jdbc:postgresql://10.1.29.250:5432/
2019-01-22 10:21:41.348 931  WARN  slick.util.AsyncExecutor [main]  - Having maxConnection > maxThreads can result in deadlocks if transactions or database locks are used.
2019-01-22 10:21:41.556 1139 INFO  com.neo.sk.break.Boot$ [medusa-akka.actor.default-dispatcher-2] Boot$(akka://medusa) - Starting.
2019-01-22 10:21:41.557 1140 INFO  com.zaxxer.hikari.HikariDataSource [AsyncExecutor.default-1]  - HikariPool-1 - Starting...
2019-01-22 10:21:41.661 1244 INFO  com.zaxxer.hikari.HikariDataSource [AsyncExecutor.default-1]  - HikariPool-1 - Start completed.
2019-01-22 10:21:41.687 1270 INFO  com.neo.sk.utils.CountUtils$ [medusa-akka.actor.my-blocking-dispatcher-6]  - get init count success:10013572
2019-01-22 10:21:42.054 1637 INFO  com.neo.sk.break.Boot$ [medusa-akka.actor.default-dispatcher-3] Boot$(akka://medusa) - Listen to the 0.0.0.0:30372
2019-01-22 10:21:42.055 1638 INFO  com.neo.sk.break.Boot$ [medusa-akka.actor.default-dispatcher-3] Boot$(akka://medusa) - Done.
2019-01-22 10:21:44.891 4474 INFO  com.neo.sk.utils.AuthUtils$ [medusa-akka.actor.my-blocking-dispatcher-8]  - get token success
2019-01-22 10:21:44.891 4474 INFO  com.neo.sk.break.core.AuthActor$ [medusa-akka.actor.my-blocking-dispatcher-8]  - ---get new token----
2019-01-22 18:18:31.977 28611560 WARN  com.zaxxer.hikari.pool.HikariPool [HikariPool-1 housekeeper]  - HikariPool-1 - Thread starvation or clock leap detected (housekeeper delta=59m46s95ms).
2019-01-22 18:26:44.696 29104279 WARN  com.zaxxer.hikari.pool.HikariPool [HikariPool-1 housekeeper]  - HikariPool-1 - Thread starvation or clock leap detected (housekeeper delta=8m12s776ms).
2019-01-22 22:36:34.824 44094407 WARN  com.zaxxer.hikari.pool.HikariPool [HikariPool-1 housekeeper]  - HikariPool-1 - Thread starvation or clock leap detected (housekeeper delta=4m47s867ms).
